{"/home/ozzie/github/gestorescola/src/lib/absences.js": {"path":"/home/ozzie/github/gestorescola/src/lib/absences.js","statementMap":{"0":{"start":{"line":8,"column":20},"end":{"line":8,"column":null}},"1":{"start":{"line":9,"column":21},"end":{"line":9,"column":null}},"2":{"start":{"line":10,"column":20},"end":{"line":10,"column":null}},"3":{"start":{"line":12,"column":21},"end":{"line":13,"column":null}},"4":{"start":{"line":13,"column":3},"end":{"line":13,"column":null}},"5":{"start":{"line":16,"column":24},"end":{"line":23,"column":null}},"6":{"start":{"line":17,"column":20},"end":{"line":17,"column":null}},"7":{"start":{"line":18,"column":4},"end":{"line":18,"column":null}},"8":{"start":{"line":18,"column":19},"end":{"line":18,"column":null}},"9":{"start":{"line":19,"column":4},"end":{"line":22,"column":null}},"10":{"start":{"line":20,"column":6},"end":{"line":21,"column":null}},"11":{"start":{"line":26,"column":22},"end":{"line":33,"column":null}},"12":{"start":{"line":27,"column":4},"end":{"line":27,"column":null}},"13":{"start":{"line":27,"column":36},"end":{"line":27,"column":null}},"14":{"start":{"line":28,"column":4},"end":{"line":32,"column":null}},"15":{"start":{"line":29,"column":6},"end":{"line":31,"column":null}},"16":{"start":{"line":35,"column":19},"end":{"line":39,"column":null}},"17":{"start":{"line":36,"column":4},"end":{"line":38,"column":null}},"18":{"start":{"line":37,"column":6},"end":{"line":37,"column":null}},"19":{"start":{"line":41,"column":2},"end":{"line":41,"column":null}},"20":{"start":{"line":47,"column":18},"end":{"line":47,"column":null}},"21":{"start":{"line":48,"column":2},"end":{"line":48,"column":null}},"22":{"start":{"line":48,"column":17},"end":{"line":48,"column":null}},"23":{"start":{"line":49,"column":19},"end":{"line":51,"column":null}},"24":{"start":{"line":50,"column":9},"end":{"line":50,"column":null}},"25":{"start":{"line":52,"column":2},"end":{"line":52,"column":null}},"26":{"start":{"line":52,"column":16},"end":{"line":52,"column":null}},"27":{"start":{"line":53,"column":2},"end":{"line":57,"column":null}},"28":{"start":{"line":54,"column":4},"end":{"line":56,"column":null}},"29":{"start":{"line":55,"column":6},"end":{"line":55,"column":null}},"30":{"start":{"line":61,"column":2},"end":{"line":61,"column":null}},"31":{"start":{"line":61,"column":83},"end":{"line":61,"column":null}},"32":{"start":{"line":62,"column":21},"end":{"line":62,"column":null}},"33":{"start":{"line":63,"column":2},"end":{"line":63,"column":null}},"34":{"start":{"line":63,"column":19},"end":{"line":63,"column":null}},"35":{"start":{"line":64,"column":18},"end":{"line":64,"column":null}},"36":{"start":{"line":65,"column":2},"end":{"line":65,"column":null}},"37":{"start":{"line":65,"column":17},"end":{"line":65,"column":null}},"38":{"start":{"line":66,"column":2},"end":{"line":66,"column":null}},"39":{"start":{"line":71,"column":2},"end":{"line":71,"column":null}},"40":{"start":{"line":71,"column":49},"end":{"line":71,"column":null}},"41":{"start":{"line":73,"column":20},"end":{"line":73,"column":null}},"42":{"start":{"line":74,"column":20},"end":{"line":74,"column":null}},"43":{"start":{"line":75,"column":21},"end":{"line":75,"column":null}},"44":{"start":{"line":75,"column":46},"end":{"line":75,"column":64}},"45":{"start":{"line":77,"column":19},"end":{"line":81,"column":null}},"46":{"start":{"line":78,"column":4},"end":{"line":80,"column":null}},"47":{"start":{"line":83,"column":20},"end":{"line":89,"column":null}},"48":{"start":{"line":84,"column":4},"end":{"line":88,"column":null}},"49":{"start":{"line":85,"column":6},"end":{"line":85,"column":null}},"50":{"start":{"line":85,"column":42},"end":{"line":85,"column":null}},"51":{"start":{"line":86,"column":6},"end":{"line":86,"column":null}},"52":{"start":{"line":86,"column":42},"end":{"line":86,"column":null}},"53":{"start":{"line":87,"column":6},"end":{"line":87,"column":null}},"54":{"start":{"line":91,"column":2},"end":{"line":91,"column":null}},"55":{"start":{"line":95,"column":2},"end":{"line":95,"column":null}},"56":{"start":{"line":135,"column":24},"end":{"line":135,"column":null}},"57":{"start":{"line":137,"column":23},"end":{"line":139,"column":null}},"58":{"start":{"line":138,"column":25},"end":{"line":138,"column":43}},"59":{"start":{"line":141,"column":27},"end":{"line":148,"column":null}},"60":{"start":{"line":142,"column":4},"end":{"line":148,"column":null}},"61":{"start":{"line":144,"column":23},"end":{"line":144,"column":null}},"62":{"start":{"line":144,"column":42},"end":{"line":144,"column":54}},"63":{"start":{"line":145,"column":23},"end":{"line":145,"column":null}},"64":{"start":{"line":145,"column":54},"end":{"line":145,"column":74}},"65":{"start":{"line":146,"column":10},"end":{"line":146,"column":null}},"66":{"start":{"line":150,"column":18},"end":{"line":165,"column":null}},"67":{"start":{"line":154,"column":21},"end":{"line":154,"column":null}},"68":{"start":{"line":155,"column":21},"end":{"line":157,"column":null}},"69":{"start":{"line":156,"column":41},"end":{"line":156,"column":98}},"70":{"start":{"line":156,"column":60},"end":{"line":156,"column":72}},"71":{"start":{"line":158,"column":20},"end":{"line":158,"column":null}},"72":{"start":{"line":160,"column":4},"end":{"line":160,"column":null}},"73":{"start":{"line":160,"column":29},"end":{"line":160,"column":null}},"74":{"start":{"line":161,"column":4},"end":{"line":161,"column":null}},"75":{"start":{"line":161,"column":29},"end":{"line":161,"column":null}},"76":{"start":{"line":162,"column":4},"end":{"line":162,"column":null}},"77":{"start":{"line":162,"column":29},"end":{"line":162,"column":null}},"78":{"start":{"line":163,"column":4},"end":{"line":163,"column":null}},"79":{"start":{"line":163,"column":29},"end":{"line":163,"column":null}},"80":{"start":{"line":164,"column":4},"end":{"line":164,"column":12}},"81":{"start":{"line":167,"column":18},"end":{"line":171,"column":null}},"82":{"start":{"line":168,"column":4},"end":{"line":168,"column":null}},"83":{"start":{"line":168,"column":20},"end":{"line":168,"column":null}},"84":{"start":{"line":169,"column":4},"end":{"line":169,"column":null}},"85":{"start":{"line":169,"column":20},"end":{"line":169,"column":null}},"86":{"start":{"line":170,"column":4},"end":{"line":170,"column":null}},"87":{"start":{"line":173,"column":21},"end":{"line":191,"column":null}},"88":{"start":{"line":175,"column":6},"end":{"line":178,"column":null}},"89":{"start":{"line":181,"column":26},"end":{"line":181,"column":null}},"90":{"start":{"line":182,"column":26},"end":{"line":182,"column":null}},"91":{"start":{"line":183,"column":6},"end":{"line":190,"column":null}},"92":{"start":{"line":193,"column":2},"end":{"line":197,"column":null}},"93":{"start":{"line":194,"column":4},"end":{"line":194,"column":null}},"94":{"start":{"line":194,"column":29},"end":{"line":194,"column":null}},"95":{"start":{"line":195,"column":4},"end":{"line":195,"column":null}},"96":{"start":{"line":195,"column":33},"end":{"line":195,"column":null}},"97":{"start":{"line":196,"column":4},"end":{"line":196,"column":null}},"98":{"start":{"line":204,"column":2},"end":{"line":204,"column":null}},"99":{"start":{"line":204,"column":52},"end":{"line":204,"column":null}},"100":{"start":{"line":206,"column":25},"end":{"line":206,"column":null}},"101":{"start":{"line":207,"column":25},"end":{"line":207,"column":null}},"102":{"start":{"line":210,"column":25},"end":{"line":216,"column":null}},"103":{"start":{"line":211,"column":4},"end":{"line":215,"column":null}},"104":{"start":{"line":218,"column":2},"end":{"line":250,"column":null}},"105":{"start":{"line":219,"column":26},"end":{"line":219,"column":null}},"106":{"start":{"line":219,"column":51},"end":{"line":219,"column":87}},"107":{"start":{"line":220,"column":4},"end":{"line":220,"column":null}},"108":{"start":{"line":220,"column":24},"end":{"line":220,"column":null}},"109":{"start":{"line":222,"column":28},"end":{"line":222,"column":null}},"110":{"start":{"line":223,"column":23},"end":{"line":225,"column":null}},"111":{"start":{"line":224,"column":33},"end":{"line":224,"column":57}},"112":{"start":{"line":227,"column":4},"end":{"line":249,"column":null}},"113":{"start":{"line":229,"column":29},"end":{"line":229,"column":null}},"114":{"start":{"line":231,"column":8},"end":{"line":237,"column":null}},"115":{"start":{"line":232,"column":10},"end":{"line":232,"column":null}},"116":{"start":{"line":233,"column":15},"end":{"line":237,"column":null}},"117":{"start":{"line":234,"column":17},"end":{"line":234,"column":null}},"118":{"start":{"line":234,"column":42},"end":{"line":234,"column":54}},"119":{"start":{"line":236,"column":10},"end":{"line":236,"column":null}},"120":{"start":{"line":242,"column":24},"end":{"line":242,"column":null}},"121":{"start":{"line":243,"column":24},"end":{"line":243,"column":null}},"122":{"start":{"line":244,"column":24},"end":{"line":244,"column":null}},"123":{"start":{"line":245,"column":8},"end":{"line":245,"column":null}},"124":{"start":{"line":247,"column":22},"end":{"line":247,"column":39}},"125":{"start":{"line":249,"column":20},"end":{"line":249,"column":104}},"126":{"start":{"line":252,"column":2},"end":{"line":262,"column":null}},"127":{"start":{"line":253,"column":4},"end":{"line":261,"column":null}},"128":{"start":{"line":255,"column":24},"end":{"line":255,"column":null}},"129":{"start":{"line":256,"column":24},"end":{"line":256,"column":null}},"130":{"start":{"line":257,"column":8},"end":{"line":257,"column":null}},"131":{"start":{"line":259,"column":22},"end":{"line":259,"column":93}},"132":{"start":{"line":261,"column":20},"end":{"line":261,"column":85}},"133":{"start":{"line":264,"column":2},"end":{"line":264,"column":null}},"134":{"start":{"line":270,"column":18},"end":{"line":285,"column":null}},"135":{"start":{"line":275,"column":30},"end":{"line":284,"column":5}},"136":{"start":{"line":286,"column":2},"end":{"line":286,"column":null}},"137":{"start":{"line":290,"column":2},"end":{"line":294,"column":null}},"138":{"start":{"line":291,"column":4},"end":{"line":291,"column":null}},"139":{"start":{"line":291,"column":29},"end":{"line":291,"column":null}},"140":{"start":{"line":292,"column":18},"end":{"line":292,"column":null}},"141":{"start":{"line":292,"column":36},"end":{"line":292,"column":102}},"142":{"start":{"line":293,"column":4},"end":{"line":293,"column":null}},"143":{"start":{"line":298,"column":2},"end":{"line":305,"column":null}},"144":{"start":{"line":300,"column":6},"end":{"line":300,"column":null}},"145":{"start":{"line":300,"column":31},"end":{"line":300,"column":null}},"146":{"start":{"line":301,"column":20},"end":{"line":301,"column":null}},"147":{"start":{"line":301,"column":41},"end":{"line":301,"column":56}},"148":{"start":{"line":302,"column":6},"end":{"line":302,"column":null}},"149":{"start":{"line":302,"column":25},"end":{"line":302,"column":null}},"150":{"start":{"line":303,"column":6},"end":{"line":303,"column":null}},"151":{"start":{"line":309,"column":2},"end":{"line":309,"column":null}},"152":{"start":{"line":309,"column":30},"end":{"line":309,"column":41}},"153":{"start":{"line":313,"column":18},"end":{"line":313,"column":null}},"154":{"start":{"line":314,"column":18},"end":{"line":314,"column":null}},"155":{"start":{"line":314,"column":36},"end":{"line":314,"column":50}},"156":{"start":{"line":315,"column":2},"end":{"line":315,"column":null}},"157":{"start":{"line":321,"column":2},"end":{"line":323,"column":null}},"158":{"start":{"line":322,"column":17},"end":{"line":322,"column":42}},"159":{"start":{"line":323,"column":20},"end":{"line":323,"column":58}},"160":{"start":{"line":327,"column":13},"end":{"line":327,"column":null}},"161":{"start":{"line":328,"column":13},"end":{"line":330,"column":null}},"162":{"start":{"line":329,"column":13},"end":{"line":329,"column":27}},"163":{"start":{"line":329,"column":29},"end":{"line":329,"column":56}},"164":{"start":{"line":329,"column":57},"end":{"line":329,"column":null}},"165":{"start":{"line":331,"column":2},"end":{"line":335,"column":null}},"166":{"start":{"line":332,"column":4},"end":{"line":334,"column":null}},"167":{"start":{"line":333,"column":20},"end":{"line":333,"column":50}},"168":{"start":{"line":334,"column":18},"end":{"line":334,"column":70}}},"fnMap":{"0":{"name":"monthlyLoad","decl":{"start":{"line":7,"column":16},"end":{"line":7,"column":27}},"loc":{"start":{"line":7,"column":94},"end":{"line":42,"column":null}},"line":7},"1":{"name":"(anonymous_1)","decl":{"start":{"line":12,"column":21},"end":{"line":12,"column":22}},"loc":{"start":{"line":13,"column":3},"end":{"line":13,"column":null}},"line":13},"2":{"name":"(anonymous_2)","decl":{"start":{"line":16,"column":36},"end":{"line":16,"column":37}},"loc":{"start":{"line":16,"column":48},"end":{"line":23,"column":3}},"line":16},"3":{"name":"(anonymous_3)","decl":{"start":{"line":19,"column":34},"end":{"line":19,"column":35}},"loc":{"start":{"line":20,"column":6},"end":{"line":21,"column":null}},"line":20},"4":{"name":"(anonymous_4)","decl":{"start":{"line":26,"column":46},"end":{"line":26,"column":47}},"loc":{"start":{"line":26,"column":59},"end":{"line":33,"column":3}},"line":26},"5":{"name":"(anonymous_5)","decl":{"start":{"line":28,"column":33},"end":{"line":28,"column":35}},"loc":{"start":{"line":29,"column":6},"end":{"line":31,"column":null}},"line":29},"6":{"name":"(anonymous_6)","decl":{"start":{"line":35,"column":43},"end":{"line":35,"column":44}},"loc":{"start":{"line":35,"column":56},"end":{"line":39,"column":3}},"line":35},"7":{"name":"(anonymous_7)","decl":{"start":{"line":36,"column":33},"end":{"line":36,"column":35}},"loc":{"start":{"line":37,"column":6},"end":{"line":37,"column":null}},"line":37},"8":{"name":"isBusy","decl":{"start":{"line":46,"column":16},"end":{"line":46,"column":22}},"loc":{"start":{"line":46,"column":71},"end":{"line":58,"column":null}},"line":46},"9":{"name":"(anonymous_9)","decl":{"start":{"line":50,"column":4},"end":{"line":50,"column":5}},"loc":{"start":{"line":50,"column":9},"end":{"line":50,"column":null}},"line":50},"10":{"name":"(anonymous_10)","decl":{"start":{"line":53,"column":31},"end":{"line":53,"column":33}},"loc":{"start":{"line":54,"column":4},"end":{"line":56,"column":null}},"line":54},"11":{"name":"(anonymous_11)","decl":{"start":{"line":54,"column":18},"end":{"line":54,"column":20}},"loc":{"start":{"line":55,"column":6},"end":{"line":55,"column":null}},"line":55},"12":{"name":"isAvailableBySchedule","decl":{"start":{"line":60,"column":16},"end":{"line":60,"column":37}},"loc":{"start":{"line":60,"column":77},"end":{"line":67,"column":null}},"line":60},"13":{"name":"weeklyLimitStatus","decl":{"start":{"line":69,"column":16},"end":{"line":69,"column":33}},"loc":{"start":{"line":69,"column":89},"end":{"line":92,"column":null}},"line":69},"14":{"name":"(anonymous_14)","decl":{"start":{"line":75,"column":42},"end":{"line":75,"column":43}},"loc":{"start":{"line":75,"column":46},"end":{"line":75,"column":64}},"line":75},"15":{"name":"(anonymous_15)","decl":{"start":{"line":77,"column":36},"end":{"line":77,"column":37}},"loc":{"start":{"line":78,"column":4},"end":{"line":80,"column":null}},"line":78},"16":{"name":"(anonymous_16)","decl":{"start":{"line":83,"column":44},"end":{"line":83,"column":45}},"loc":{"start":{"line":83,"column":57},"end":{"line":89,"column":3}},"line":83},"17":{"name":"(anonymous_17)","decl":{"start":{"line":84,"column":33},"end":{"line":84,"column":35}},"loc":{"start":{"line":84,"column":39},"end":{"line":88,"column":5}},"line":84},"18":{"name":"isUnderWeeklyLimit","decl":{"start":{"line":94,"column":16},"end":{"line":94,"column":34}},"loc":{"start":{"line":94,"column":90},"end":{"line":96,"column":null}},"line":94},"19":{"name":"rankCandidates","decl":{"start":{"line":133,"column":16},"end":{"line":133,"column":30}},"loc":{"start":{"line":133,"column":162},"end":{"line":198,"column":null}},"line":133},"20":{"name":"(anonymous_20)","decl":{"start":{"line":138,"column":20},"end":{"line":138,"column":21}},"loc":{"start":{"line":138,"column":25},"end":{"line":138,"column":43}},"line":138},"21":{"name":"(anonymous_21)","decl":{"start":{"line":141,"column":27},"end":{"line":141,"column":28}},"loc":{"start":{"line":142,"column":4},"end":{"line":148,"column":null}},"line":142},"22":{"name":"(anonymous_22)","decl":{"start":{"line":143,"column":34},"end":{"line":143,"column":37}},"loc":{"start":{"line":143,"column":41},"end":{"line":147,"column":9}},"line":143},"23":{"name":"(anonymous_23)","decl":{"start":{"line":144,"column":37},"end":{"line":144,"column":38}},"loc":{"start":{"line":144,"column":42},"end":{"line":144,"column":54}},"line":144},"24":{"name":"(anonymous_24)","decl":{"start":{"line":145,"column":49},"end":{"line":145,"column":50}},"loc":{"start":{"line":145,"column":54},"end":{"line":145,"column":74}},"line":145},"25":{"name":"(anonymous_25)","decl":{"start":{"line":150,"column":18},"end":{"line":150,"column":19}},"loc":{"start":{"line":150,"column":25},"end":{"line":165,"column":null}},"line":150},"26":{"name":"(anonymous_26)","decl":{"start":{"line":156,"column":34},"end":{"line":156,"column":37}},"loc":{"start":{"line":156,"column":41},"end":{"line":156,"column":98}},"line":156},"27":{"name":"(anonymous_27)","decl":{"start":{"line":156,"column":55},"end":{"line":156,"column":56}},"loc":{"start":{"line":156,"column":60},"end":{"line":156,"column":72}},"line":156},"28":{"name":"(anonymous_28)","decl":{"start":{"line":167,"column":18},"end":{"line":167,"column":19}},"loc":{"start":{"line":167,"column":29},"end":{"line":171,"column":null}},"line":167},"29":{"name":"(anonymous_29)","decl":{"start":{"line":174,"column":12},"end":{"line":174,"column":13}},"loc":{"start":{"line":175,"column":6},"end":{"line":178,"column":null}},"line":175},"30":{"name":"(anonymous_30)","decl":{"start":{"line":180,"column":9},"end":{"line":180,"column":10}},"loc":{"start":{"line":180,"column":14},"end":{"line":191,"column":5}},"line":180},"31":{"name":"(anonymous_31)","decl":{"start":{"line":193,"column":25},"end":{"line":193,"column":26}},"loc":{"start":{"line":193,"column":35},"end":{"line":197,"column":3}},"line":193},"32":{"name":"suggestSubstitutes","decl":{"start":{"line":203,"column":16},"end":{"line":203,"column":34}},"loc":{"start":{"line":203,"column":65},"end":{"line":265,"column":null}},"line":203},"33":{"name":"(anonymous_33)","decl":{"start":{"line":210,"column":47},"end":{"line":210,"column":48}},"loc":{"start":{"line":211,"column":4},"end":{"line":215,"column":null}},"line":211},"34":{"name":"(anonymous_34)","decl":{"start":{"line":219,"column":46},"end":{"line":219,"column":47}},"loc":{"start":{"line":219,"column":51},"end":{"line":219,"column":87}},"line":219},"35":{"name":"(anonymous_35)","decl":{"start":{"line":224,"column":28},"end":{"line":224,"column":29}},"loc":{"start":{"line":224,"column":33},"end":{"line":224,"column":57}},"line":224},"36":{"name":"(anonymous_36)","decl":{"start":{"line":228,"column":11},"end":{"line":228,"column":18}},"loc":{"start":{"line":228,"column":22},"end":{"line":246,"column":7}},"line":228},"37":{"name":"(anonymous_37)","decl":{"start":{"line":234,"column":10},"end":{"line":234,"column":13}},"loc":{"start":{"line":234,"column":17},"end":{"line":234,"column":null}},"line":234},"38":{"name":"(anonymous_38)","decl":{"start":{"line":234,"column":37},"end":{"line":234,"column":38}},"loc":{"start":{"line":234,"column":42},"end":{"line":234,"column":54}},"line":234},"39":{"name":"(anonymous_39)","decl":{"start":{"line":247,"column":12},"end":{"line":247,"column":13}},"loc":{"start":{"line":247,"column":22},"end":{"line":247,"column":39}},"line":247},"40":{"name":"(anonymous_40)","decl":{"start":{"line":249,"column":11},"end":{"line":249,"column":15}},"loc":{"start":{"line":249,"column":20},"end":{"line":249,"column":104}},"line":249},"41":{"name":"(anonymous_41)","decl":{"start":{"line":254,"column":11},"end":{"line":254,"column":18}},"loc":{"start":{"line":254,"column":22},"end":{"line":258,"column":7}},"line":254},"42":{"name":"(anonymous_42)","decl":{"start":{"line":259,"column":12},"end":{"line":259,"column":13}},"loc":{"start":{"line":259,"column":22},"end":{"line":259,"column":93}},"line":259},"43":{"name":"(anonymous_43)","decl":{"start":{"line":261,"column":11},"end":{"line":261,"column":15}},"loc":{"start":{"line":261,"column":20},"end":{"line":261,"column":85}},"line":261},"44":{"name":"createAbsence","decl":{"start":{"line":269,"column":16},"end":{"line":269,"column":29}},"loc":{"start":{"line":269,"column":66},"end":{"line":287,"column":null}},"line":269},"45":{"name":"(anonymous_45)","decl":{"start":{"line":275,"column":24},"end":{"line":275,"column":25}},"loc":{"start":{"line":275,"column":30},"end":{"line":284,"column":5}},"line":275},"46":{"name":"assignSubstitute","decl":{"start":{"line":289,"column":16},"end":{"line":289,"column":32}},"loc":{"start":{"line":289,"column":76},"end":{"line":295,"column":null}},"line":289},"47":{"name":"(anonymous_47)","decl":{"start":{"line":290,"column":22},"end":{"line":290,"column":24}},"loc":{"start":{"line":290,"column":28},"end":{"line":294,"column":3}},"line":290},"48":{"name":"(anonymous_48)","decl":{"start":{"line":292,"column":31},"end":{"line":292,"column":32}},"loc":{"start":{"line":292,"column":36},"end":{"line":292,"column":102}},"line":292},"49":{"name":"deleteAbsenceSlot","decl":{"start":{"line":297,"column":16},"end":{"line":297,"column":33}},"loc":{"start":{"line":297,"column":63},"end":{"line":306,"column":null}},"line":297},"50":{"name":"(anonymous_50)","decl":{"start":{"line":299,"column":9},"end":{"line":299,"column":11}},"loc":{"start":{"line":299,"column":15},"end":{"line":304,"column":5}},"line":299},"51":{"name":"(anonymous_51)","decl":{"start":{"line":301,"column":36},"end":{"line":301,"column":37}},"loc":{"start":{"line":301,"column":41},"end":{"line":301,"column":56}},"line":301},"52":{"name":"deleteAbsence","decl":{"start":{"line":308,"column":16},"end":{"line":308,"column":29}},"loc":{"start":{"line":308,"column":44},"end":{"line":310,"column":null}},"line":308},"53":{"name":"(anonymous_53)","decl":{"start":{"line":309,"column":25},"end":{"line":309,"column":26}},"loc":{"start":{"line":309,"column":30},"end":{"line":309,"column":41}},"line":309},"54":{"name":"_calcStatus","decl":{"start":{"line":312,"column":9},"end":{"line":312,"column":20}},"loc":{"start":{"line":312,"column":28},"end":{"line":316,"column":null}},"line":312},"55":{"name":"(anonymous_55)","decl":{"start":{"line":314,"column":31},"end":{"line":314,"column":32}},"loc":{"start":{"line":314,"column":36},"end":{"line":314,"column":50}},"line":314},"56":{"name":"absencesOf","decl":{"start":{"line":320,"column":16},"end":{"line":320,"column":26}},"loc":{"start":{"line":320,"column":48},"end":{"line":324,"column":null}},"line":320},"57":{"name":"(anonymous_57)","decl":{"start":{"line":322,"column":12},"end":{"line":322,"column":13}},"loc":{"start":{"line":322,"column":17},"end":{"line":322,"column":42}},"line":322},"58":{"name":"(anonymous_58)","decl":{"start":{"line":323,"column":10},"end":{"line":323,"column":11}},"loc":{"start":{"line":323,"column":20},"end":{"line":323,"column":58}},"line":323},"59":{"name":"absenceSlotsInWeek","decl":{"start":{"line":326,"column":16},"end":{"line":326,"column":34}},"loc":{"start":{"line":326,"column":60},"end":{"line":336,"column":null}},"line":326},"60":{"name":"(anonymous_60)","decl":{"start":{"line":328,"column":14},"end":{"line":328,"column":15}},"loc":{"start":{"line":328,"column":20},"end":{"line":330,"column":3}},"line":328},"61":{"name":"(anonymous_61)","decl":{"start":{"line":331,"column":34},"end":{"line":331,"column":36}},"loc":{"start":{"line":332,"column":4},"end":{"line":334,"column":null}},"line":332},"62":{"name":"(anonymous_62)","decl":{"start":{"line":333,"column":14},"end":{"line":333,"column":16}},"loc":{"start":{"line":333,"column":20},"end":{"line":333,"column":50}},"line":333},"63":{"name":"(anonymous_63)","decl":{"start":{"line":334,"column":11},"end":{"line":334,"column":13}},"loc":{"start":{"line":334,"column":18},"end":{"line":334,"column":70}},"line":334}},"branchMap":{"0":{"loc":{"start":{"line":7,"column":75},"end":{"line":7,"column":92}},"type":"default-arg","locations":[{"start":{"line":7,"column":90},"end":{"line":7,"column":92}}],"line":7},"1":{"loc":{"start":{"line":13,"column":19},"end":{"line":13,"column":30}},"type":"binary-expr","locations":[{"start":{"line":13,"column":19},"end":{"line":13,"column":24}},{"start":{"line":13,"column":28},"end":{"line":13,"column":30}}],"line":13},"2":{"loc":{"start":{"line":18,"column":4},"end":{"line":18,"column":null}},"type":"if","locations":[{"start":{"line":18,"column":4},"end":{"line":18,"column":null}},{"start":{},"end":{}}],"line":18},"3":{"loc":{"start":{"line":20,"column":6},"end":{"line":21,"column":null}},"type":"binary-expr","locations":[{"start":{"line":20,"column":6},"end":{"line":20,"column":31}},{"start":{"line":21,"column":6},"end":{"line":21,"column":null}}],"line":20},"4":{"loc":{"start":{"line":26,"column":23},"end":{"line":26,"column":37}},"type":"binary-expr","locations":[{"start":{"line":26,"column":23},"end":{"line":26,"column":31}},{"start":{"line":26,"column":35},"end":{"line":26,"column":37}}],"line":26},"5":{"loc":{"start":{"line":27,"column":4},"end":{"line":27,"column":null}},"type":"if","locations":[{"start":{"line":27,"column":4},"end":{"line":27,"column":null}},{"start":{},"end":{}}],"line":27},"6":{"loc":{"start":{"line":29,"column":6},"end":{"line":31,"column":null}},"type":"binary-expr","locations":[{"start":{"line":29,"column":6},"end":{"line":29,"column":27}},{"start":{"line":30,"column":6},"end":{"line":30,"column":30}},{"start":{"line":31,"column":6},"end":{"line":31,"column":null}}],"line":29},"7":{"loc":{"start":{"line":35,"column":20},"end":{"line":35,"column":34}},"type":"binary-expr","locations":[{"start":{"line":35,"column":20},"end":{"line":35,"column":28}},{"start":{"line":35,"column":32},"end":{"line":35,"column":34}}],"line":35},"8":{"loc":{"start":{"line":37,"column":6},"end":{"line":37,"column":null}},"type":"binary-expr","locations":[{"start":{"line":37,"column":6},"end":{"line":37,"column":35}},{"start":{"line":37,"column":39},"end":{"line":37,"column":60}},{"start":{"line":37,"column":64},"end":{"line":37,"column":null}}],"line":37},"9":{"loc":{"start":{"line":48,"column":2},"end":{"line":48,"column":null}},"type":"if","locations":[{"start":{"line":48,"column":2},"end":{"line":48,"column":null}},{"start":{},"end":{}}],"line":48},"10":{"loc":{"start":{"line":50,"column":9},"end":{"line":50,"column":null}},"type":"binary-expr","locations":[{"start":{"line":50,"column":9},"end":{"line":50,"column":34}},{"start":{"line":50,"column":38},"end":{"line":50,"column":56}},{"start":{"line":50,"column":60},"end":{"line":50,"column":null}}],"line":50},"11":{"loc":{"start":{"line":52,"column":2},"end":{"line":52,"column":null}},"type":"if","locations":[{"start":{"line":52,"column":2},"end":{"line":52,"column":null}},{"start":{},"end":{}}],"line":52},"12":{"loc":{"start":{"line":53,"column":10},"end":{"line":53,"column":24}},"type":"binary-expr","locations":[{"start":{"line":53,"column":10},"end":{"line":53,"column":18}},{"start":{"line":53,"column":22},"end":{"line":53,"column":24}}],"line":53},"13":{"loc":{"start":{"line":55,"column":6},"end":{"line":55,"column":null}},"type":"binary-expr","locations":[{"start":{"line":55,"column":6},"end":{"line":55,"column":35}},{"start":{"line":55,"column":39},"end":{"line":55,"column":55}},{"start":{"line":55,"column":59},"end":{"line":55,"column":null}}],"line":55},"14":{"loc":{"start":{"line":61,"column":2},"end":{"line":61,"column":null}},"type":"if","locations":[{"start":{"line":61,"column":2},"end":{"line":61,"column":null}},{"start":{},"end":{}}],"line":61},"15":{"loc":{"start":{"line":61,"column":6},"end":{"line":61,"column":81}},"type":"binary-expr","locations":[{"start":{"line":61,"column":6},"end":{"line":61,"column":29}},{"start":{"line":61,"column":33},"end":{"line":61,"column":81}}],"line":61},"16":{"loc":{"start":{"line":63,"column":2},"end":{"line":63,"column":null}},"type":"if","locations":[{"start":{"line":63,"column":2},"end":{"line":63,"column":null}},{"start":{},"end":{}}],"line":63},"17":{"loc":{"start":{"line":64,"column":41},"end":{"line":64,"column":60}},"type":"binary-expr","locations":[{"start":{"line":64,"column":41},"end":{"line":64,"column":54}},{"start":{"line":64,"column":58},"end":{"line":64,"column":60}}],"line":64},"18":{"loc":{"start":{"line":65,"column":2},"end":{"line":65,"column":null}},"type":"if","locations":[{"start":{"line":65,"column":2},"end":{"line":65,"column":null}},{"start":{},"end":{}}],"line":65},"19":{"loc":{"start":{"line":66,"column":9},"end":{"line":66,"column":null}},"type":"binary-expr","locations":[{"start":{"line":66,"column":9},"end":{"line":66,"column":46}},{"start":{"line":66,"column":50},"end":{"line":66,"column":null}}],"line":66},"20":{"loc":{"start":{"line":69,"column":70},"end":{"line":69,"column":87}},"type":"default-arg","locations":[{"start":{"line":69,"column":85},"end":{"line":69,"column":87}}],"line":69},"21":{"loc":{"start":{"line":71,"column":2},"end":{"line":71,"column":null}},"type":"if","locations":[{"start":{"line":71,"column":2},"end":{"line":71,"column":null}},{"start":{},"end":{}}],"line":71},"22":{"loc":{"start":{"line":78,"column":4},"end":{"line":80,"column":null}},"type":"binary-expr","locations":[{"start":{"line":78,"column":4},"end":{"line":78,"column":30}},{"start":{"line":79,"column":4},"end":{"line":79,"column":25}},{"start":{"line":80,"column":4},"end":{"line":80,"column":null}}],"line":78},"23":{"loc":{"start":{"line":83,"column":21},"end":{"line":83,"column":35}},"type":"binary-expr","locations":[{"start":{"line":83,"column":21},"end":{"line":83,"column":29}},{"start":{"line":83,"column":33},"end":{"line":83,"column":35}}],"line":83},"24":{"loc":{"start":{"line":85,"column":6},"end":{"line":85,"column":null}},"type":"if","locations":[{"start":{"line":85,"column":6},"end":{"line":85,"column":null}},{"start":{},"end":{}}],"line":85},"25":{"loc":{"start":{"line":86,"column":6},"end":{"line":86,"column":null}},"type":"if","locations":[{"start":{"line":86,"column":6},"end":{"line":86,"column":null}},{"start":{},"end":{}}],"line":86},"26":{"loc":{"start":{"line":91,"column":9},"end":{"line":91,"column":null}},"type":"cond-expr","locations":[{"start":{"line":91,"column":37},"end":{"line":91,"column":41}},{"start":{"line":91,"column":44},"end":{"line":91,"column":null}}],"line":91},"27":{"loc":{"start":{"line":94,"column":71},"end":{"line":94,"column":88}},"type":"default-arg","locations":[{"start":{"line":94,"column":86},"end":{"line":94,"column":88}}],"line":94},"28":{"loc":{"start":{"line":133,"column":123},"end":{"line":133,"column":141}},"type":"default-arg","locations":[{"start":{"line":133,"column":139},"end":{"line":133,"column":141}}],"line":133},"29":{"loc":{"start":{"line":133,"column":143},"end":{"line":133,"column":160}},"type":"default-arg","locations":[{"start":{"line":133,"column":158},"end":{"line":133,"column":160}}],"line":133},"30":{"loc":{"start":{"line":135,"column":24},"end":{"line":135,"column":null}},"type":"binary-expr","locations":[{"start":{"line":135,"column":24},"end":{"line":135,"column":47}},{"start":{"line":135,"column":51},"end":{"line":135,"column":null}}],"line":135},"31":{"loc":{"start":{"line":137,"column":23},"end":{"line":139,"column":null}},"type":"cond-expr","locations":[{"start":{"line":138,"column":6},"end":{"line":138,"column":null}},{"start":{"line":139,"column":6},"end":{"line":139,"column":null}}],"line":137},"32":{"loc":{"start":{"line":138,"column":6},"end":{"line":138,"column":null}},"type":"binary-expr","locations":[{"start":{"line":138,"column":6},"end":{"line":138,"column":52}},{"start":{"line":138,"column":56},"end":{"line":138,"column":null}}],"line":138},"33":{"loc":{"start":{"line":142,"column":4},"end":{"line":148,"column":null}},"type":"cond-expr","locations":[{"start":{"line":143,"column":8},"end":{"line":147,"column":null}},{"start":{"line":148,"column":8},"end":{"line":148,"column":null}}],"line":142},"34":{"loc":{"start":{"line":143,"column":9},"end":{"line":143,"column":27}},"type":"binary-expr","locations":[{"start":{"line":143,"column":9},"end":{"line":143,"column":21}},{"start":{"line":143,"column":25},"end":{"line":143,"column":27}}],"line":143},"35":{"loc":{"start":{"line":145,"column":23},"end":{"line":145,"column":null}},"type":"cond-expr","locations":[{"start":{"line":145,"column":30},"end":{"line":145,"column":75}},{"start":{"line":145,"column":78},"end":{"line":145,"column":null}}],"line":145},"36":{"loc":{"start":{"line":145,"column":31},"end":{"line":145,"column":42}},"type":"binary-expr","locations":[{"start":{"line":145,"column":31},"end":{"line":145,"column":36}},{"start":{"line":145,"column":40},"end":{"line":145,"column":42}}],"line":145},"37":{"loc":{"start":{"line":146,"column":18},"end":{"line":146,"column":40}},"type":"binary-expr","locations":[{"start":{"line":146,"column":18},"end":{"line":146,"column":34}},{"start":{"line":146,"column":38},"end":{"line":146,"column":40}}],"line":146},"38":{"loc":{"start":{"line":154,"column":21},"end":{"line":154,"column":null}},"type":"cond-expr","locations":[{"start":{"line":154,"column":33},"end":{"line":154,"column":73}},{"start":{"line":154,"column":76},"end":{"line":154,"column":null}}],"line":154},"39":{"loc":{"start":{"line":154,"column":34},"end":{"line":154,"column":52}},"type":"binary-expr","locations":[{"start":{"line":154,"column":34},"end":{"line":154,"column":46}},{"start":{"line":154,"column":50},"end":{"line":154,"column":52}}],"line":154},"40":{"loc":{"start":{"line":155,"column":21},"end":{"line":157,"column":null}},"type":"cond-expr","locations":[{"start":{"line":156,"column":8},"end":{"line":156,"column":null}},{"start":{"line":157,"column":8},"end":{"line":157,"column":null}}],"line":155},"41":{"loc":{"start":{"line":156,"column":9},"end":{"line":156,"column":27}},"type":"binary-expr","locations":[{"start":{"line":156,"column":9},"end":{"line":156,"column":21}},{"start":{"line":156,"column":25},"end":{"line":156,"column":27}}],"line":156},"42":{"loc":{"start":{"line":160,"column":4},"end":{"line":160,"column":null}},"type":"if","locations":[{"start":{"line":160,"column":4},"end":{"line":160,"column":null}},{"start":{},"end":{}}],"line":160},"43":{"loc":{"start":{"line":160,"column":8},"end":{"line":160,"column":27}},"type":"binary-expr","locations":[{"start":{"line":160,"column":8},"end":{"line":160,"column":16}},{"start":{"line":160,"column":20},"end":{"line":160,"column":27}}],"line":160},"44":{"loc":{"start":{"line":161,"column":4},"end":{"line":161,"column":null}},"type":"if","locations":[{"start":{"line":161,"column":4},"end":{"line":161,"column":null}},{"start":{},"end":{}}],"line":161},"45":{"loc":{"start":{"line":162,"column":4},"end":{"line":162,"column":null}},"type":"if","locations":[{"start":{"line":162,"column":4},"end":{"line":162,"column":null}},{"start":{},"end":{}}],"line":162},"46":{"loc":{"start":{"line":162,"column":8},"end":{"line":162,"column":27}},"type":"binary-expr","locations":[{"start":{"line":162,"column":8},"end":{"line":162,"column":16}},{"start":{"line":162,"column":20},"end":{"line":162,"column":27}}],"line":162},"47":{"loc":{"start":{"line":163,"column":4},"end":{"line":163,"column":null}},"type":"if","locations":[{"start":{"line":163,"column":4},"end":{"line":163,"column":null}},{"start":{},"end":{}}],"line":163},"48":{"loc":{"start":{"line":168,"column":4},"end":{"line":168,"column":null}},"type":"if","locations":[{"start":{"line":168,"column":4},"end":{"line":168,"column":null}},{"start":{},"end":{}}],"line":168},"49":{"loc":{"start":{"line":169,"column":4},"end":{"line":169,"column":null}},"type":"if","locations":[{"start":{"line":169,"column":4},"end":{"line":169,"column":null}},{"start":{},"end":{}}],"line":169},"50":{"loc":{"start":{"line":175,"column":6},"end":{"line":178,"column":null}},"type":"binary-expr","locations":[{"start":{"line":175,"column":6},"end":{"line":175,"column":30}},{"start":{"line":176,"column":6},"end":{"line":176,"column":33}},{"start":{"line":177,"column":6},"end":{"line":177,"column":56}},{"start":{"line":178,"column":6},"end":{"line":178,"column":null}}],"line":175},"51":{"loc":{"start":{"line":187,"column":17},"end":{"line":187,"column":43}},"type":"binary-expr","locations":[{"start":{"line":187,"column":17},"end":{"line":187,"column":28}},{"start":{"line":187,"column":32},"end":{"line":187,"column":43}}],"line":187},"52":{"loc":{"start":{"line":194,"column":4},"end":{"line":194,"column":null}},"type":"if","locations":[{"start":{"line":194,"column":4},"end":{"line":194,"column":null}},{"start":{},"end":{}}],"line":194},"53":{"loc":{"start":{"line":195,"column":4},"end":{"line":195,"column":null}},"type":"if","locations":[{"start":{"line":195,"column":4},"end":{"line":195,"column":null}},{"start":{},"end":{}}],"line":195},"54":{"loc":{"start":{"line":195,"column":40},"end":{"line":195,"column":null}},"type":"cond-expr","locations":[{"start":{"line":195,"column":52},"end":{"line":195,"column":53}},{"start":{"line":195,"column":56},"end":{"line":195,"column":null}}],"line":195},"55":{"loc":{"start":{"line":204,"column":2},"end":{"line":204,"column":null}},"type":"if","locations":[{"start":{"line":204,"column":2},"end":{"line":204,"column":null}},{"start":{},"end":{}}],"line":204},"56":{"loc":{"start":{"line":204,"column":6},"end":{"line":204,"column":50}},"type":"binary-expr","locations":[{"start":{"line":204,"column":6},"end":{"line":204,"column":18}},{"start":{"line":204,"column":22},"end":{"line":204,"column":50}}],"line":204},"57":{"loc":{"start":{"line":206,"column":25},"end":{"line":206,"column":null}},"type":"binary-expr","locations":[{"start":{"line":206,"column":25},"end":{"line":206,"column":44}},{"start":{"line":206,"column":48},"end":{"line":206,"column":null}}],"line":206},"58":{"loc":{"start":{"line":207,"column":25},"end":{"line":207,"column":null}},"type":"binary-expr","locations":[{"start":{"line":207,"column":25},"end":{"line":207,"column":43}},{"start":{"line":207,"column":48},"end":{"line":207,"column":null}}],"line":207},"59":{"loc":{"start":{"line":211,"column":4},"end":{"line":215,"column":null}},"type":"binary-expr","locations":[{"start":{"line":211,"column":4},"end":{"line":211,"column":40}},{"start":{"line":212,"column":4},"end":{"line":212,"column":27}},{"start":{"line":213,"column":4},"end":{"line":213,"column":31}},{"start":{"line":214,"column":4},"end":{"line":214,"column":86}},{"start":{"line":215,"column":4},"end":{"line":215,"column":null}}],"line":211},"60":{"loc":{"start":{"line":218,"column":2},"end":{"line":250,"column":null}},"type":"if","locations":[{"start":{"line":218,"column":2},"end":{"line":250,"column":null}},{"start":{},"end":{}}],"line":218},"61":{"loc":{"start":{"line":220,"column":4},"end":{"line":220,"column":null}},"type":"if","locations":[{"start":{"line":220,"column":4},"end":{"line":220,"column":null}},{"start":{},"end":{}}],"line":220},"62":{"loc":{"start":{"line":222,"column":28},"end":{"line":222,"column":null}},"type":"binary-expr","locations":[{"start":{"line":222,"column":28},"end":{"line":222,"column":49}},{"start":{"line":222,"column":54},"end":{"line":222,"column":83}},{"start":{"line":222,"column":87},"end":{"line":222,"column":91}}],"line":222},"63":{"loc":{"start":{"line":223,"column":23},"end":{"line":225,"column":null}},"type":"cond-expr","locations":[{"start":{"line":224,"column":8},"end":{"line":224,"column":null}},{"start":{"line":225,"column":8},"end":{"line":225,"column":null}}],"line":223},"64":{"loc":{"start":{"line":224,"column":8},"end":{"line":224,"column":null}},"type":"binary-expr","locations":[{"start":{"line":224,"column":8},"end":{"line":224,"column":66}},{"start":{"line":224,"column":70},"end":{"line":224,"column":null}}],"line":224},"65":{"loc":{"start":{"line":231,"column":8},"end":{"line":237,"column":null}},"type":"if","locations":[{"start":{"line":231,"column":8},"end":{"line":237,"column":null}},{"start":{"line":233,"column":15},"end":{"line":237,"column":null}}],"line":231},"66":{"loc":{"start":{"line":231,"column":12},"end":{"line":231,"column":83}},"type":"binary-expr","locations":[{"start":{"line":231,"column":12},"end":{"line":231,"column":27}},{"start":{"line":231,"column":31},"end":{"line":231,"column":83}}],"line":231},"67":{"loc":{"start":{"line":231,"column":32},"end":{"line":231,"column":56}},"type":"binary-expr","locations":[{"start":{"line":231,"column":32},"end":{"line":231,"column":50}},{"start":{"line":231,"column":54},"end":{"line":231,"column":56}}],"line":231},"68":{"loc":{"start":{"line":233,"column":15},"end":{"line":237,"column":null}},"type":"if","locations":[{"start":{"line":233,"column":15},"end":{"line":237,"column":null}},{"start":{},"end":{}}],"line":233},"69":{"loc":{"start":{"line":233,"column":19},"end":{"line":235,"column":9}},"type":"binary-expr","locations":[{"start":{"line":233,"column":19},"end":{"line":233,"column":29}},{"start":{"line":233,"column":33},"end":{"line":235,"column":9}}],"line":233},"70":{"loc":{"start":{"line":233,"column":34},"end":{"line":233,"column":58}},"type":"binary-expr","locations":[{"start":{"line":233,"column":34},"end":{"line":233,"column":52}},{"start":{"line":233,"column":56},"end":{"line":233,"column":58}}],"line":233},"71":{"loc":{"start":{"line":244,"column":56},"end":{"line":244,"column":75}},"type":"cond-expr","locations":[{"start":{"line":244,"column":66},"end":{"line":244,"column":71}},{"start":{"line":244,"column":74},"end":{"line":244,"column":75}}],"line":244},"72":{"loc":{"start":{"line":252,"column":2},"end":{"line":262,"column":null}},"type":"if","locations":[{"start":{"line":252,"column":2},"end":{"line":262,"column":null}},{"start":{},"end":{}}],"line":252},"73":{"loc":{"start":{"line":259,"column":33},"end":{"line":259,"column":54}},"type":"cond-expr","locations":[{"start":{"line":259,"column":45},"end":{"line":259,"column":50}},{"start":{"line":259,"column":53},"end":{"line":259,"column":54}}],"line":259},"74":{"loc":{"start":{"line":259,"column":70},"end":{"line":259,"column":91}},"type":"cond-expr","locations":[{"start":{"line":259,"column":82},"end":{"line":259,"column":87}},{"start":{"line":259,"column":90},"end":{"line":259,"column":91}}],"line":259},"75":{"loc":{"start":{"line":269,"column":51},"end":{"line":269,"column":64}},"type":"default-arg","locations":[{"start":{"line":269,"column":62},"end":{"line":269,"column":64}}],"line":269},"76":{"loc":{"start":{"line":280,"column":20},"end":{"line":280,"column":40}},"type":"binary-expr","locations":[{"start":{"line":280,"column":20},"end":{"line":280,"column":32}},{"start":{"line":280,"column":36},"end":{"line":280,"column":40}}],"line":280},"77":{"loc":{"start":{"line":281,"column":20},"end":{"line":281,"column":40}},"type":"binary-expr","locations":[{"start":{"line":281,"column":20},"end":{"line":281,"column":31}},{"start":{"line":281,"column":36},"end":{"line":281,"column":40}}],"line":281},"78":{"loc":{"start":{"line":282,"column":20},"end":{"line":282,"column":38}},"type":"binary-expr","locations":[{"start":{"line":282,"column":20},"end":{"line":282,"column":27}},{"start":{"line":282,"column":36},"end":{"line":282,"column":38}}],"line":282},"79":{"loc":{"start":{"line":291,"column":4},"end":{"line":291,"column":null}},"type":"if","locations":[{"start":{"line":291,"column":4},"end":{"line":291,"column":null}},{"start":{},"end":{}}],"line":291},"80":{"loc":{"start":{"line":292,"column":36},"end":{"line":292,"column":102}},"type":"cond-expr","locations":[{"start":{"line":292,"column":54},"end":{"line":292,"column":98}},{"start":{"line":292,"column":101},"end":{"line":292,"column":102}}],"line":292},"81":{"loc":{"start":{"line":292,"column":76},"end":{"line":292,"column":96}},"type":"binary-expr","locations":[{"start":{"line":292,"column":76},"end":{"line":292,"column":88}},{"start":{"line":292,"column":92},"end":{"line":292,"column":96}}],"line":292},"82":{"loc":{"start":{"line":300,"column":6},"end":{"line":300,"column":null}},"type":"if","locations":[{"start":{"line":300,"column":6},"end":{"line":300,"column":null}},{"start":{},"end":{}}],"line":300},"83":{"loc":{"start":{"line":302,"column":6},"end":{"line":302,"column":null}},"type":"if","locations":[{"start":{"line":302,"column":6},"end":{"line":302,"column":null}},{"start":{},"end":{}}],"line":302},"84":{"loc":{"start":{"line":315,"column":9},"end":{"line":315,"column":null}},"type":"cond-expr","locations":[{"start":{"line":315,"column":25},"end":{"line":315,"column":31}},{"start":{"line":315,"column":34},"end":{"line":315,"column":null}}],"line":315},"85":{"loc":{"start":{"line":315,"column":34},"end":{"line":315,"column":null}},"type":"cond-expr","locations":[{"start":{"line":315,"column":52},"end":{"line":315,"column":61}},{"start":{"line":315,"column":64},"end":{"line":315,"column":null}}],"line":315},"86":{"loc":{"start":{"line":321,"column":10},"end":{"line":321,"column":24}},"type":"binary-expr","locations":[{"start":{"line":321,"column":10},"end":{"line":321,"column":18}},{"start":{"line":321,"column":22},"end":{"line":321,"column":24}}],"line":321},"87":{"loc":{"start":{"line":331,"column":10},"end":{"line":331,"column":24}},"type":"binary-expr","locations":[{"start":{"line":331,"column":10},"end":{"line":331,"column":18}},{"start":{"line":331,"column":22},"end":{"line":331,"column":24}}],"line":331},"88":{"loc":{"start":{"line":333,"column":20},"end":{"line":333,"column":50}},"type":"binary-expr","locations":[{"start":{"line":333,"column":20},"end":{"line":333,"column":33}},{"start":{"line":333,"column":37},"end":{"line":333,"column":50}}],"line":333}},"s":{"0":29,"1":29,"2":29,"3":29,"4":3,"5":29,"6":270,"7":270,"8":0,"9":270,"10":395,"11":29,"12":12,"13":9,"14":3,"15":3,"16":29,"17":12,"18":14,"19":29,"20":35,"21":35,"22":1,"23":34,"24":40,"25":34,"26":6,"27":28,"28":9,"29":11,"30":30,"31":25,"32":5,"33":5,"34":1,"35":4,"36":30,"37":0,"38":4,"39":30,"40":23,"41":7,"42":7,"43":7,"44":31,"45":7,"46":60,"47":7,"48":1,"49":2,"50":0,"51":2,"52":0,"53":2,"54":30,"55":2,"56":21,"57":21,"58":24,"59":21,"60":23,"61":20,"62":60,"63":20,"64":38,"65":20,"66":21,"67":23,"68":23,"69":18,"70":55,"71":23,"72":23,"73":5,"74":18,"75":3,"76":15,"77":3,"78":12,"79":1,"80":11,"81":21,"82":23,"83":8,"84":15,"85":4,"86":11,"87":21,"88":33,"89":23,"90":23,"91":23,"92":21,"93":9,"94":2,"95":7,"96":1,"97":6,"98":0,"99":0,"100":0,"101":0,"102":0,"103":0,"104":0,"105":0,"106":0,"107":0,"108":0,"109":0,"110":0,"111":0,"112":0,"113":0,"114":0,"115":0,"116":0,"117":0,"118":0,"119":0,"120":0,"121":0,"122":0,"123":0,"124":0,"125":0,"126":0,"127":0,"128":0,"129":0,"130":0,"131":0,"132":0,"133":0,"134":0,"135":0,"136":0,"137":0,"138":0,"139":0,"140":0,"141":0,"142":0,"143":0,"144":0,"145":0,"146":0,"147":0,"148":0,"149":0,"150":0,"151":0,"152":0,"153":0,"154":0,"155":0,"156":0,"157":0,"158":0,"159":0,"160":0,"161":0,"162":0,"163":0,"164":0,"165":0,"166":0,"167":0,"168":0},"f":{"0":29,"1":3,"2":270,"3":395,"4":12,"5":3,"6":12,"7":14,"8":35,"9":40,"10":9,"11":11,"12":30,"13":30,"14":31,"15":60,"16":1,"17":2,"18":2,"19":21,"20":24,"21":23,"22":20,"23":60,"24":38,"25":23,"26":18,"27":55,"28":23,"29":33,"30":23,"31":9,"32":0,"33":0,"34":0,"35":0,"36":0,"37":0,"38":0,"39":0,"40":0,"41":0,"42":0,"43":0,"44":0,"45":0,"46":0,"47":0,"48":0,"49":0,"50":0,"51":0,"52":0,"53":0,"54":0,"55":0,"56":0,"57":0,"58":0,"59":0,"60":0,"61":0,"62":0,"63":0},"b":{"0":[29],"1":[3,0],"2":[0,270],"3":[395,157],"4":[29,1],"5":[9,3],"6":[3,3,3],"7":[29,1],"8":[14,4,4],"9":[1,34],"10":[40,16,8],"11":[6,28],"12":[28,3],"13":[11,4,1],"14":[25,5],"15":[30,6],"16":[1,4],"17":[4,0],"18":[0,30],"19":[4,2],"20":[30],"21":[23,7],"22":[60,50,49],"23":[7,0],"24":[0,2],"25":[0,2],"26":[3,4],"27":[2],"28":[21],"29":[21],"30":[21,1],"31":[20,1],"32":[20,1],"33":[22,1],"34":[22,0],"35":[19,1],"36":[19,0],"37":[20,1],"38":[20,3],"39":[20,0],"40":[19,4],"41":[19,0],"42":[5,18],"43":[23,8],"44":[3,15],"45":[3,12],"46":[15,4],"47":[1,11],"48":[8,15],"49":[4,11],"50":[33,31,29,24],"51":[23,18],"52":[2,7],"53":[1,6],"54":[0,1],"55":[0,0],"56":[0,0],"57":[0,0],"58":[0,0],"59":[0,0,0,0,0],"60":[0,0],"61":[0,0],"62":[0,0,0],"63":[0,0],"64":[0,0],"65":[0,0],"66":[0,0],"67":[0,0],"68":[0,0],"69":[0,0],"70":[0,0],"71":[0,0],"72":[0,0],"73":[0,0],"74":[0,0],"75":[0],"76":[0,0],"77":[0,0],"78":[0,0],"79":[0,0],"80":[0,0],"81":[0,0],"82":[0,0],"83":[0,0],"84":[0,0],"85":[0,0],"86":[0,0],"87":[0,0],"88":[0,0]},"meta":{"lastBranch":89,"lastFunction":64,"lastStatement":169,"seen":{"f:7:16:7:27":0,"b:7:90:7:92":0,"s:8:20:8:Infinity":0,"s:9:21:9:Infinity":1,"s:10:20:10:Infinity":2,"s:12:21:13:Infinity":3,"f:12:21:12:22":1,"s:13:3:13:Infinity":4,"b:13:19:13:24:13:28:13:30":1,"s:16:24:23:Infinity":5,"f:16:36:16:37":2,"s:17:20:17:Infinity":6,"b:18:4:18:Infinity:undefined:undefined:undefined:undefined":2,"s:18:4:18:Infinity":7,"s:18:19:18:Infinity":8,"s:19:4:22:Infinity":9,"f:19:34:19:35":3,"s:20:6:21:Infinity":10,"b:20:6:20:31:21:6:21:Infinity":3,"s:26:22:33:Infinity":11,"b:26:23:26:31:26:35:26:37":4,"f:26:46:26:47":4,"b:27:4:27:Infinity:undefined:undefined:undefined:undefined":5,"s:27:4:27:Infinity":12,"s:27:36:27:Infinity":13,"s:28:4:32:Infinity":14,"f:28:33:28:35":5,"s:29:6:31:Infinity":15,"b:29:6:29:27:30:6:30:30:31:6:31:Infinity":6,"s:35:19:39:Infinity":16,"b:35:20:35:28:35:32:35:34":7,"f:35:43:35:44":6,"s:36:4:38:Infinity":17,"f:36:33:36:35":7,"s:37:6:37:Infinity":18,"b:37:6:37:35:37:39:37:60:37:64:37:Infinity":8,"s:41:2:41:Infinity":19,"f:46:16:46:22":8,"s:47:18:47:Infinity":20,"b:48:2:48:Infinity:undefined:undefined:undefined:undefined":9,"s:48:2:48:Infinity":21,"s:48:17:48:Infinity":22,"s:49:19:51:Infinity":23,"f:50:4:50:5":9,"s:50:9:50:Infinity":24,"b:50:9:50:34:50:38:50:56:50:60:50:Infinity":10,"b:52:2:52:Infinity:undefined:undefined:undefined:undefined":11,"s:52:2:52:Infinity":25,"s:52:16:52:Infinity":26,"s:53:2:57:Infinity":27,"b:53:10:53:18:53:22:53:24":12,"f:53:31:53:33":10,"s:54:4:56:Infinity":28,"f:54:18:54:20":11,"s:55:6:55:Infinity":29,"b:55:6:55:35:55:39:55:55:55:59:55:Infinity":13,"f:60:16:60:37":12,"b:61:2:61:Infinity:undefined:undefined:undefined:undefined":14,"s:61:2:61:Infinity":30,"b:61:6:61:29:61:33:61:81":15,"s:61:83:61:Infinity":31,"s:62:21:62:Infinity":32,"b:63:2:63:Infinity:undefined:undefined:undefined:undefined":16,"s:63:2:63:Infinity":33,"s:63:19:63:Infinity":34,"s:64:18:64:Infinity":35,"b:64:41:64:54:64:58:64:60":17,"b:65:2:65:Infinity:undefined:undefined:undefined:undefined":18,"s:65:2:65:Infinity":36,"s:65:17:65:Infinity":37,"s:66:2:66:Infinity":38,"b:66:9:66:46:66:50:66:Infinity":19,"f:69:16:69:33":13,"b:69:85:69:87":20,"b:71:2:71:Infinity:undefined:undefined:undefined:undefined":21,"s:71:2:71:Infinity":39,"s:71:49:71:Infinity":40,"s:73:20:73:Infinity":41,"s:74:20:74:Infinity":42,"s:75:21:75:Infinity":43,"f:75:42:75:43":14,"s:75:46:75:64":44,"s:77:19:81:Infinity":45,"f:77:36:77:37":15,"s:78:4:80:Infinity":46,"b:78:4:78:30:79:4:79:25:80:4:80:Infinity":22,"s:83:20:89:Infinity":47,"b:83:21:83:29:83:33:83:35":23,"f:83:44:83:45":16,"s:84:4:88:Infinity":48,"f:84:33:84:35":17,"b:85:6:85:Infinity:undefined:undefined:undefined:undefined":24,"s:85:6:85:Infinity":49,"s:85:42:85:Infinity":50,"b:86:6:86:Infinity:undefined:undefined:undefined:undefined":25,"s:86:6:86:Infinity":51,"s:86:42:86:Infinity":52,"s:87:6:87:Infinity":53,"s:91:2:91:Infinity":54,"b:91:37:91:41:91:44:91:Infinity":26,"f:94:16:94:34":18,"b:94:86:94:88":27,"s:95:2:95:Infinity":55,"f:133:16:133:30":19,"b:133:139:133:141":28,"b:133:158:133:160":29,"s:135:24:135:Infinity":56,"b:135:24:135:47:135:51:135:Infinity":30,"s:137:23:139:Infinity":57,"b:138:6:138:Infinity:139:6:139:Infinity":31,"b:138:6:138:52:138:56:138:Infinity":32,"f:138:20:138:21":20,"s:138:25:138:43":58,"s:141:27:148:Infinity":59,"f:141:27:141:28":21,"s:142:4:148:Infinity":60,"b:143:8:147:Infinity:148:8:148:Infinity":33,"b:143:9:143:21:143:25:143:27":34,"f:143:34:143:37":22,"s:144:23:144:Infinity":61,"f:144:37:144:38":23,"s:144:42:144:54":62,"s:145:23:145:Infinity":63,"b:145:30:145:75:145:78:145:Infinity":35,"b:145:31:145:36:145:40:145:42":36,"f:145:49:145:50":24,"s:145:54:145:74":64,"s:146:10:146:Infinity":65,"b:146:18:146:34:146:38:146:40":37,"s:150:18:165:Infinity":66,"f:150:18:150:19":25,"s:154:21:154:Infinity":67,"b:154:33:154:73:154:76:154:Infinity":38,"b:154:34:154:46:154:50:154:52":39,"s:155:21:157:Infinity":68,"b:156:8:156:Infinity:157:8:157:Infinity":40,"b:156:9:156:21:156:25:156:27":41,"f:156:34:156:37":26,"s:156:41:156:98":69,"f:156:55:156:56":27,"s:156:60:156:72":70,"s:158:20:158:Infinity":71,"b:160:4:160:Infinity:undefined:undefined:undefined:undefined":42,"s:160:4:160:Infinity":72,"b:160:8:160:16:160:20:160:27":43,"s:160:29:160:Infinity":73,"b:161:4:161:Infinity:undefined:undefined:undefined:undefined":44,"s:161:4:161:Infinity":74,"s:161:29:161:Infinity":75,"b:162:4:162:Infinity:undefined:undefined:undefined:undefined":45,"s:162:4:162:Infinity":76,"b:162:8:162:16:162:20:162:27":46,"s:162:29:162:Infinity":77,"b:163:4:163:Infinity:undefined:undefined:undefined:undefined":47,"s:163:4:163:Infinity":78,"s:163:29:163:Infinity":79,"s:164:4:164:12":80,"s:167:18:171:Infinity":81,"f:167:18:167:19":28,"b:168:4:168:Infinity:undefined:undefined:undefined:undefined":48,"s:168:4:168:Infinity":82,"s:168:20:168:Infinity":83,"b:169:4:169:Infinity:undefined:undefined:undefined:undefined":49,"s:169:4:169:Infinity":84,"s:169:20:169:Infinity":85,"s:170:4:170:Infinity":86,"s:173:21:191:Infinity":87,"f:174:12:174:13":29,"s:175:6:178:Infinity":88,"b:175:6:175:30:176:6:176:33:177:6:177:56:178:6:178:Infinity":50,"f:180:9:180:10":30,"s:181:26:181:Infinity":89,"s:182:26:182:Infinity":90,"s:183:6:190:Infinity":91,"b:187:17:187:28:187:32:187:43":51,"s:193:2:197:Infinity":92,"f:193:25:193:26":31,"b:194:4:194:Infinity:undefined:undefined:undefined:undefined":52,"s:194:4:194:Infinity":93,"s:194:29:194:Infinity":94,"b:195:4:195:Infinity:undefined:undefined:undefined:undefined":53,"s:195:4:195:Infinity":95,"s:195:33:195:Infinity":96,"b:195:52:195:53:195:56:195:Infinity":54,"s:196:4:196:Infinity":97,"f:203:16:203:34":32,"b:204:2:204:Infinity:undefined:undefined:undefined:undefined":55,"s:204:2:204:Infinity":98,"b:204:6:204:18:204:22:204:50":56,"s:204:52:204:Infinity":99,"s:206:25:206:Infinity":100,"b:206:25:206:44:206:48:206:Infinity":57,"s:207:25:207:Infinity":101,"b:207:25:207:43:207:48:207:Infinity":58,"s:210:25:216:Infinity":102,"f:210:47:210:48":33,"s:211:4:215:Infinity":103,"b:211:4:211:40:212:4:212:27:213:4:213:31:214:4:214:86:215:4:215:Infinity":59,"b:218:2:250:Infinity:undefined:undefined:undefined:undefined":60,"s:218:2:250:Infinity":104,"s:219:26:219:Infinity":105,"f:219:46:219:47":34,"s:219:51:219:87":106,"b:220:4:220:Infinity:undefined:undefined:undefined:undefined":61,"s:220:4:220:Infinity":107,"s:220:24:220:Infinity":108,"s:222:28:222:Infinity":109,"b:222:28:222:49:222:54:222:83:222:87:222:91":62,"s:223:23:225:Infinity":110,"b:224:8:224:Infinity:225:8:225:Infinity":63,"b:224:8:224:66:224:70:224:Infinity":64,"f:224:28:224:29":35,"s:224:33:224:57":111,"s:227:4:249:Infinity":112,"f:228:11:228:18":36,"s:229:29:229:Infinity":113,"b:231:8:237:Infinity:233:15:237:Infinity":65,"s:231:8:237:Infinity":114,"b:231:12:231:27:231:31:231:83":66,"b:231:32:231:50:231:54:231:56":67,"s:232:10:232:Infinity":115,"b:233:15:237:Infinity:undefined:undefined:undefined:undefined":68,"s:233:15:237:Infinity":116,"b:233:19:233:29:233:33:235:9":69,"b:233:34:233:52:233:56:233:58":70,"f:234:10:234:13":37,"s:234:17:234:Infinity":117,"f:234:37:234:38":38,"s:234:42:234:54":118,"s:236:10:236:Infinity":119,"s:242:24:242:Infinity":120,"s:243:24:243:Infinity":121,"s:244:24:244:Infinity":122,"b:244:66:244:71:244:74:244:75":71,"s:245:8:245:Infinity":123,"f:247:12:247:13":39,"s:247:22:247:39":124,"f:249:11:249:15":40,"s:249:20:249:104":125,"b:252:2:262:Infinity:undefined:undefined:undefined:undefined":72,"s:252:2:262:Infinity":126,"s:253:4:261:Infinity":127,"f:254:11:254:18":41,"s:255:24:255:Infinity":128,"s:256:24:256:Infinity":129,"s:257:8:257:Infinity":130,"f:259:12:259:13":42,"s:259:22:259:93":131,"b:259:45:259:50:259:53:259:54":73,"b:259:82:259:87:259:90:259:91":74,"f:261:11:261:15":43,"s:261:20:261:85":132,"s:264:2:264:Infinity":133,"f:269:16:269:29":44,"b:269:62:269:64":75,"s:270:18:285:Infinity":134,"f:275:24:275:25":45,"s:275:30:284:5":135,"b:280:20:280:32:280:36:280:40":76,"b:281:20:281:31:281:36:281:40":77,"b:282:20:282:27:282:36:282:38":78,"s:286:2:286:Infinity":136,"f:289:16:289:32":46,"s:290:2:294:Infinity":137,"f:290:22:290:24":47,"b:291:4:291:Infinity:undefined:undefined:undefined:undefined":79,"s:291:4:291:Infinity":138,"s:291:29:291:Infinity":139,"s:292:18:292:Infinity":140,"f:292:31:292:32":48,"s:292:36:292:102":141,"b:292:54:292:98:292:101:292:102":80,"b:292:76:292:88:292:92:292:96":81,"s:293:4:293:Infinity":142,"f:297:16:297:33":49,"s:298:2:305:Infinity":143,"f:299:9:299:11":50,"b:300:6:300:Infinity:undefined:undefined:undefined:undefined":82,"s:300:6:300:Infinity":144,"s:300:31:300:Infinity":145,"s:301:20:301:Infinity":146,"f:301:36:301:37":51,"s:301:41:301:56":147,"b:302:6:302:Infinity:undefined:undefined:undefined:undefined":83,"s:302:6:302:Infinity":148,"s:302:25:302:Infinity":149,"s:303:6:303:Infinity":150,"f:308:16:308:29":52,"s:309:2:309:Infinity":151,"f:309:25:309:26":53,"s:309:30:309:41":152,"f:312:9:312:20":54,"s:313:18:313:Infinity":153,"s:314:18:314:Infinity":154,"f:314:31:314:32":55,"s:314:36:314:50":155,"s:315:2:315:Infinity":156,"b:315:25:315:31:315:34:315:Infinity":84,"b:315:52:315:61:315:64:315:Infinity":85,"f:320:16:320:26":56,"s:321:2:323:Infinity":157,"b:321:10:321:18:321:22:321:24":86,"f:322:12:322:13":57,"s:322:17:322:42":158,"f:323:10:323:11":58,"s:323:20:323:58":159,"f:326:16:326:34":59,"s:327:13:327:Infinity":160,"s:328:13:330:Infinity":161,"f:328:14:328:15":60,"s:329:13:329:27":162,"s:329:29:329:56":163,"s:329:57:329:Infinity":164,"s:331:2:335:Infinity":165,"b:331:10:331:18:331:22:331:24":87,"f:331:34:331:36":61,"s:332:4:334:Infinity":166,"f:333:14:333:16":62,"s:333:20:333:50":167,"b:333:20:333:33:333:37:333:50":88,"f:334:11:334:13":63,"s:334:18:334:70":168}}}
}
